[0.050s] Invoking command in '/workspaces/ROS_PointCloud_AGV/build/cpp_pub_sub': /usr/local/bin/cmake --build /workspaces/ROS_PointCloud_AGV/build/cpp_pub_sub -- -j4 -l4
[0.239s] -- Found ament_cmake: 0.9.12 (/opt/ros/foxy/install/share/ament_cmake/cmake)
[0.249s] [33mCMake Warning (dev) at /opt/ros/foxy/install/share/ament_cmake_core/cmake/core/python.cmake:22 (find_package):
[0.250s]   Policy CMP0148 is not set: The FindPythonInterp and FindPythonLibs modules
[0.250s]   are removed.  Run "cmake --help-policy CMP0148" for policy details.  Use
[0.251s]   the cmake_policy command to set the policy and suppress this warning.
[0.252s] 
[0.252s] Call Stack (most recent call first):
[0.253s]   /opt/ros/foxy/install/share/ament_cmake_core/cmake/core/all.cmake:53 (include)
[0.254s]   /opt/ros/foxy/install/share/ament_cmake_core/cmake/ament_cmake_core-extras.cmake:17 (include)
[0.254s]   /opt/ros/foxy/install/share/ament_cmake_core/cmake/ament_cmake_coreConfig.cmake:41 (include)
[0.255s]   /opt/ros/foxy/install/share/ament_cmake/cmake/ament_cmake_export_dependencies-extras.cmake:15 (find_package)
[0.255s]   /opt/ros/foxy/install/share/ament_cmake/cmake/ament_cmakeConfig.cmake:41 (include)
[0.256s]   CMakeLists.txt:18 (find_package)
[0.256s] This warning is for project developers.  Use -Wno-dev to suppress it.
[0.257s] [0m
[0.330s] -- Using PYTHON_EXECUTABLE: /usr/bin/python3
[0.444s] Traceback (most recent call last):
[0.446s]   File "/opt/ros/foxy/install/share/ament_cmake_core/cmake/package_templates/templates_2_cmake.py", line 21, in <module>
[0.446s]     from ament_package.templates import get_environment_hook_template_path
[0.447s] ModuleNotFoundError: No module named 'ament_package'
[0.459s] [31mCMake Error at /opt/ros/foxy/install/share/ament_cmake_core/cmake/ament_cmake_package_templates-extras.cmake:41 (message):
[0.459s]   execute_process(/usr/bin/python3
[0.460s]   /opt/ros/foxy/install/share/ament_cmake_core/cmake/package_templates/templates_2_cmake.py
[0.460s]   /workspaces/ROS_PointCloud_AGV/build/cpp_pub_sub/ament_cmake_package_templates/templates.cmake)
[0.461s]   returned error code 1
[0.461s] Call Stack (most recent call first):
[0.462s]   /opt/ros/foxy/install/share/ament_cmake_core/cmake/ament_cmake_coreConfig.cmake:41 (include)
[0.462s]   /opt/ros/foxy/install/share/ament_cmake/cmake/ament_cmake_export_dependencies-extras.cmake:15 (find_package)
[0.463s]   /opt/ros/foxy/install/share/ament_cmake/cmake/ament_cmakeConfig.cmake:41 (include)
[0.463s]   CMakeLists.txt:18 (find_package)
[0.464s] 
[0.465s] [0m
[0.465s] -- Configuring incomplete, errors occurred!
[0.466s] Makefile:308: recipe for target 'cmake_check_build_system' failed
[0.468s] make: *** [cmake_check_build_system] Error 1
[0.491s] Invoked command in '/workspaces/ROS_PointCloud_AGV/build/cpp_pub_sub' returned '2': /usr/local/bin/cmake --build /workspaces/ROS_PointCloud_AGV/build/cpp_pub_sub -- -j4 -l4
