[0.053s] Invoking command in '/workspaces/ROS_PointCloud_AGV/build/cpp_pub_sub': /usr/local/bin/cmake --build /workspaces/ROS_PointCloud_AGV/build/cpp_pub_sub -- -j4 -l4
[0.247s] -- Found ament_cmake: 0.9.12 (/opt/ros/foxy/install/share/ament_cmake/cmake)
[0.256s] [33mCMake Warning (dev) at /opt/ros/foxy/install/share/ament_cmake_core/cmake/core/python.cmake:22 (find_package):
[0.257s]   Policy CMP0148 is not set: The FindPythonInterp and FindPythonLibs modules
[0.260s]   are removed.  Run "cmake --help-policy CMP0148" for policy details.  Use
[0.260s]   the cmake_policy command to set the policy and suppress this warning.
[0.261s] 
[0.262s] Call Stack (most recent call first):
[0.262s]   /opt/ros/foxy/install/share/ament_cmake_core/cmake/core/all.cmake:53 (include)
[0.263s]   /opt/ros/foxy/install/share/ament_cmake_core/cmake/ament_cmake_core-extras.cmake:17 (include)
[0.263s]   /opt/ros/foxy/install/share/ament_cmake_core/cmake/ament_cmake_coreConfig.cmake:41 (include)
[0.264s]   /opt/ros/foxy/install/share/ament_cmake/cmake/ament_cmake_export_dependencies-extras.cmake:15 (find_package)
[0.265s]   /opt/ros/foxy/install/share/ament_cmake/cmake/ament_cmakeConfig.cmake:41 (include)
[0.265s]   CMakeLists.txt:18 (find_package)
[0.266s] This warning is for project developers.  Use -Wno-dev to suppress it.
[0.266s] [0m
[0.347s] -- Using PYTHON_EXECUTABLE: /usr/bin/python3
[0.474s] Traceback (most recent call last):
[0.474s]   File "/opt/ros/foxy/install/share/ament_cmake_core/cmake/package_templates/templates_2_cmake.py", line 21, in <module>
[0.475s]     from ament_package.templates import get_environment_hook_template_path
[0.476s] ModuleNotFoundError: No module named 'ament_package'
[0.488s] [31mCMake Error at /opt/ros/foxy/install/share/ament_cmake_core/cmake/ament_cmake_package_templates-extras.cmake:41 (message):
[0.489s]   execute_process(/usr/bin/python3
[0.490s]   /opt/ros/foxy/install/share/ament_cmake_core/cmake/package_templates/templates_2_cmake.py
[0.490s]   /workspaces/ROS_PointCloud_AGV/build/cpp_pub_sub/ament_cmake_package_templates/templates.cmake)
[0.491s]   returned error code 1
[0.491s] Call Stack (most recent call first):
[0.492s]   /opt/ros/foxy/install/share/ament_cmake_core/cmake/ament_cmake_coreConfig.cmake:41 (include)
[0.492s]   /opt/ros/foxy/install/share/ament_cmake/cmake/ament_cmake_export_dependencies-extras.cmake:15 (find_package)
[0.493s]   /opt/ros/foxy/install/share/ament_cmake/cmake/ament_cmakeConfig.cmake:41 (include)
[0.493s]   CMakeLists.txt:18 (find_package)
[0.494s] 
[0.495s] [0m
[0.495s] -- Configuring incomplete, errors occurred!
[0.496s] Makefile:308: recipe for target 'cmake_check_build_system' failed
[0.497s] make: *** [cmake_check_build_system] Error 1
[0.520s] Invoked command in '/workspaces/ROS_PointCloud_AGV/build/cpp_pub_sub' returned '2': /usr/local/bin/cmake --build /workspaces/ROS_PointCloud_AGV/build/cpp_pub_sub -- -j4 -l4
