[0.000000] (-) TimerEvent: {}
[0.000825] (-) JobUnselected: {'identifier': 'depthai'}
[0.001530] (-) JobUnselected: {'identifier': 'sensor_fusion'}
[0.001857] (cpp_pub_sub) JobQueued: {'identifier': 'cpp_pub_sub', 'dependencies': OrderedDict()}
[0.002993] (cpp_pub_sub) JobStarted: {'identifier': 'cpp_pub_sub'}
[0.043788] (cpp_pub_sub) JobProgress: {'identifier': 'cpp_pub_sub', 'progress': 'cmake'}
[0.046644] (cpp_pub_sub) JobProgress: {'identifier': 'cpp_pub_sub', 'progress': 'build'}
[0.050128] (cpp_pub_sub) Command: {'cmd': ['/usr/local/bin/cmake', '--build', '/workspaces/ROS_PointCloud_AGV/build/cpp_pub_sub', '--', '-j4', '-l4'], 'cwd': '/workspaces/ROS_PointCloud_AGV/build/cpp_pub_sub', 'env': OrderedDict([('OPENBLAS_CORETYPE', 'ARMV8'), ('PYTHONIOENCODING', 'utf-8'), ('WS', '/ws'), ('HOSTNAME', 'jetsonagv-desktop'), ('GIT_ASKPASS', '/vscode/vscode-server/bin/linux-arm64/1a5daa3a0231a0fbba4f14db7ec463cf99d7768e/extensions/git/dist/askpass.sh'), ('LD_LIBRARY_PATH', '/usr/local/cuda-10.2/targets/aarch64-linux/lib:'), ('BROWSER', '/vscode/vscode-server/bin/linux-arm64/1a5daa3a0231a0fbba4f14db7ec463cf99d7768e/bin/helpers/browser.sh'), ('SHLVL', '2'), ('HOME', '/home/USERNAME'), ('TERM_PROGRAM_VERSION', '1.84.2'), ('VSCODE_IPC_HOOK_CLI', '/tmp/vscode-ipc-4adf1a59-3392-415e-bdd1-97e54c0ee75d.sock'), ('VSCODE_GIT_ASKPASS_MAIN', '/vscode/vscode-server/bin/linux-arm64/1a5daa3a0231a0fbba4f14db7ec463cf99d7768e/extensions/git/dist/askpass-main.js'), ('ROS_PYTHON_VERSION', '3'), ('VSCODE_GIT_ASKPASS_NODE', '/vscode/vscode-server/bin/linux-arm64/1a5daa3a0231a0fbba4f14db7ec463cf99d7768e/node'), ('REMOTE_CONTAINERS', 'true'), ('COLORTERM', 'truecolor'), ('ROS_DISTRO', 'foxy'), ('REMOTE_CONTAINERS_IPC', '/tmp/vscode-remote-containers-ipc-128ebf41-49a4-4130-9a67-49ebe4282daa.sock'), ('_', '/usr/bin/colcon'), ('NVIDIA_DRIVER_CAPABILITIES', 'all'), ('TERM', 'xterm-256color'), ('PATH', '/vscode/vscode-server/bin/linux-arm64/1a5daa3a0231a0fbba4f14db7ec463cf99d7768e/bin/remote-cli:/usr/local/cuda-10.2/bin:/usr/local/cuda/bin:/usr/local/sbin:/usr/local/bin:/usr/sbin:/usr/bin:/sbin:/bin'), ('DISPLAY', ':8'), ('REMOTE_CONTAINERS_SOCKETS', '["/tmp/vscode-ssh-auth-128ebf41-49a4-4130-9a67-49ebe4282daa.sock","/tmp/.X11-unix/X8","/home/USERNAME/.gnupg/S.gpg-agent"]'), ('LANG', 'en_US.UTF-8'), ('RMW_IMPLEMENTATION', 'rmw_cyclonedds_cpp'), ('LS_COLORS', 'rs=0:di=01;34:ln=01;36:mh=00:pi=40;33:so=01;35:do=01;35:bd=40;33;01:cd=40;33;01:or=40;31;01:mi=00:su=37;41:sg=30;43:ca=30;41:tw=30;42:ow=34;42:st=37;44:ex=01;32:*.tar=01;31:*.tgz=01;31:*.arc=01;31:*.arj=01;31:*.taz=01;31:*.lha=01;31:*.lz4=01;31:*.lzh=01;31:*.lzma=01;31:*.tlz=01;31:*.txz=01;31:*.tzo=01;31:*.t7z=01;31:*.zip=01;31:*.z=01;31:*.Z=01;31:*.dz=01;31:*.gz=01;31:*.lrz=01;31:*.lz=01;31:*.lzo=01;31:*.xz=01;31:*.zst=01;31:*.tzst=01;31:*.bz2=01;31:*.bz=01;31:*.tbz=01;31:*.tbz2=01;31:*.tz=01;31:*.deb=01;31:*.rpm=01;31:*.jar=01;31:*.war=01;31:*.ear=01;31:*.sar=01;31:*.rar=01;31:*.alz=01;31:*.ace=01;31:*.zoo=01;31:*.cpio=01;31:*.7z=01;31:*.rz=01;31:*.cab=01;31:*.wim=01;31:*.swm=01;31:*.dwm=01;31:*.esd=01;31:*.jpg=01;35:*.jpeg=01;35:*.mjpg=01;35:*.mjpeg=01;35:*.gif=01;35:*.bmp=01;35:*.pbm=01;35:*.pgm=01;35:*.ppm=01;35:*.tga=01;35:*.xbm=01;35:*.xpm=01;35:*.tif=01;35:*.tiff=01;35:*.png=01;35:*.svg=01;35:*.svgz=01;35:*.mng=01;35:*.pcx=01;35:*.mov=01;35:*.mpg=01;35:*.mpeg=01;35:*.m2v=01;35:*.mkv=01;35:*.webm=01;35:*.ogm=01;35:*.mp4=01;35:*.m4v=01;35:*.mp4v=01;35:*.vob=01;35:*.qt=01;35:*.nuv=01;35:*.wmv=01;35:*.asf=01;35:*.rm=01;35:*.rmvb=01;35:*.flc=01;35:*.avi=01;35:*.fli=01;35:*.flv=01;35:*.gl=01;35:*.dl=01;35:*.xcf=01;35:*.xwd=01;35:*.yuv=01;35:*.cgm=01;35:*.emf=01;35:*.ogv=01;35:*.ogx=01;35:*.aac=00;36:*.au=00;36:*.flac=00;36:*.m4a=00;36:*.mid=00;36:*.midi=00;36:*.mka=00;36:*.mp3=00;36:*.mpc=00;36:*.ogg=00;36:*.ra=00;36:*.wav=00;36:*.oga=00;36:*.opus=00;36:*.spx=00;36:*.xspf=00;36:'), ('TERM_PROGRAM', 'vscode'), ('ROS_ROOT', '/opt/ros/foxy'), ('VSCODE_GIT_IPC_HANDLE', '/tmp/vscode-git-29bc7e2fd3.sock'), ('SSH_AUTH_SOCK', '/tmp/vscode-ssh-auth-128ebf41-49a4-4130-9a67-49ebe4282daa.sock'), ('REMOTE_CONTAINERS_DISPLAY_SOCK', '/tmp/.X11-unix/X8'), ('DEBIAN_FRONTEND', 'noninteractive'), ('SHELL', '/bin/bash'), ('VSCODE_GIT_ASKPASS_EXTRA_ARGS', ''), ('PWD', '/workspaces/ROS_PointCloud_AGV/build/cpp_pub_sub'), ('NVIDIA_VISIBLE_DEVICES', 'all'), ('COLCON', '1')]), 'shell': False}
[0.098962] (-) TimerEvent: {}
[0.199853] (-) TimerEvent: {}
[0.242409] (cpp_pub_sub) StdoutLine: {'line': b'-- Found ament_cmake: 0.9.12 (/opt/ros/foxy/install/share/ament_cmake/cmake)\n'}
[0.252575] (cpp_pub_sub) StderrLine: {'line': b'\x1b[33mCMake Warning (dev) at /opt/ros/foxy/install/share/ament_cmake_core/cmake/core/python.cmake:22 (find_package):\n'}
[0.253572] (cpp_pub_sub) StderrLine: {'line': b'  Policy CMP0148 is not set: The FindPythonInterp and FindPythonLibs modules\n'}
[0.254240] (cpp_pub_sub) StderrLine: {'line': b'  are removed.  Run "cmake --help-policy CMP0148" for policy details.  Use\n'}
[0.254801] (cpp_pub_sub) StderrLine: {'line': b'  the cmake_policy command to set the policy and suppress this warning.\n'}
[0.255680] (cpp_pub_sub) StderrLine: {'line': b'\n'}
[0.256320] (cpp_pub_sub) StderrLine: {'line': b'Call Stack (most recent call first):\n'}
[0.256969] (cpp_pub_sub) StderrLine: {'line': b'  /opt/ros/foxy/install/share/ament_cmake_core/cmake/core/all.cmake:53 (include)\n'}
[0.257525] (cpp_pub_sub) StderrLine: {'line': b'  /opt/ros/foxy/install/share/ament_cmake_core/cmake/ament_cmake_core-extras.cmake:17 (include)\n'}
[0.258158] (cpp_pub_sub) StderrLine: {'line': b'  /opt/ros/foxy/install/share/ament_cmake_core/cmake/ament_cmake_coreConfig.cmake:41 (include)\n'}
[0.258805] (cpp_pub_sub) StderrLine: {'line': b'  /opt/ros/foxy/install/share/ament_cmake/cmake/ament_cmake_export_dependencies-extras.cmake:15 (find_package)\n'}
[0.259358] (cpp_pub_sub) StderrLine: {'line': b'  /opt/ros/foxy/install/share/ament_cmake/cmake/ament_cmakeConfig.cmake:41 (include)\n'}
[0.259838] (cpp_pub_sub) StderrLine: {'line': b'  CMakeLists.txt:18 (find_package)\n'}
[0.260291] (cpp_pub_sub) StderrLine: {'line': b'This warning is for project developers.  Use -Wno-dev to suppress it.\n'}
[0.260794] (cpp_pub_sub) StderrLine: {'line': b'\x1b[0m\n'}
[0.300597] (-) TimerEvent: {}
[0.333940] (cpp_pub_sub) StdoutLine: {'line': b'-- Using PYTHON_EXECUTABLE: /usr/bin/python3\n'}
[0.400872] (-) TimerEvent: {}
[0.447012] (cpp_pub_sub) StderrLine: {'line': b'Traceback (most recent call last):\n'}
[0.449215] (cpp_pub_sub) StderrLine: {'line': b'  File "/opt/ros/foxy/install/share/ament_cmake_core/cmake/package_templates/templates_2_cmake.py", line 21, in <module>\n'}
[0.450538] (cpp_pub_sub) StderrLine: {'line': b'    from ament_package.templates import get_environment_hook_template_path\n'}
[0.451112] (cpp_pub_sub) StderrLine: {'line': b"ModuleNotFoundError: No module named 'ament_package'\n"}
[0.462215] (cpp_pub_sub) StderrLine: {'line': b'\x1b[31mCMake Error at /opt/ros/foxy/install/share/ament_cmake_core/cmake/ament_cmake_package_templates-extras.cmake:41 (message):\n'}
[0.463515] (cpp_pub_sub) StderrLine: {'line': b'  execute_process(/usr/bin/python3\n'}
[0.463997] (cpp_pub_sub) StderrLine: {'line': b'  /opt/ros/foxy/install/share/ament_cmake_core/cmake/package_templates/templates_2_cmake.py\n'}
[0.464504] (cpp_pub_sub) StderrLine: {'line': b'  /workspaces/ROS_PointCloud_AGV/build/cpp_pub_sub/ament_cmake_package_templates/templates.cmake)\n'}
[0.465056] (cpp_pub_sub) StderrLine: {'line': b'  returned error code 1\n'}
[0.465483] (cpp_pub_sub) StderrLine: {'line': b'Call Stack (most recent call first):\n'}
[0.465950] (cpp_pub_sub) StderrLine: {'line': b'  /opt/ros/foxy/install/share/ament_cmake_core/cmake/ament_cmake_coreConfig.cmake:41 (include)\n'}
[0.466404] (cpp_pub_sub) StderrLine: {'line': b'  /opt/ros/foxy/install/share/ament_cmake/cmake/ament_cmake_export_dependencies-extras.cmake:15 (find_package)\n'}
[0.466874] (cpp_pub_sub) StderrLine: {'line': b'  /opt/ros/foxy/install/share/ament_cmake/cmake/ament_cmakeConfig.cmake:41 (include)\n'}
[0.467446] (cpp_pub_sub) StderrLine: {'line': b'  CMakeLists.txt:18 (find_package)\n'}
[0.468091] (cpp_pub_sub) StderrLine: {'line': b'\n'}
[0.468751] (cpp_pub_sub) StderrLine: {'line': b'\x1b[0m\n'}
[0.469329] (cpp_pub_sub) StdoutLine: {'line': b'-- Configuring incomplete, errors occurred!\n'}
[0.470387] (cpp_pub_sub) StdoutLine: {'line': b"Makefile:308: recipe for target 'cmake_check_build_system' failed\n"}
[0.471448] (cpp_pub_sub) StderrLine: {'line': b'make: *** [cmake_check_build_system] Error 1\n'}
[0.494589] (cpp_pub_sub) CommandEnded: {'returncode': 2}
[0.496524] (cpp_pub_sub) JobEnded: {'identifier': 'cpp_pub_sub', 'rc': 2}
[0.500987] (-) TimerEvent: {}
[0.507282] (-) EventReactorShutdown: {}
